2021-11-15 19:41:05 Error: [PDOException] SQLSTATE[23000]: Integrity constraint violation: 1062 Duplicate entry '1-2' for key 'uniq_user_yask' (/var/www/clients/client1/web53/web/clic/vendor/cakephp/cakephp/src/Database/Statement/MysqlStatement.php:38)
#0 /var/www/clients/client1/web53/web/clic/vendor/cakephp/cakephp/src/Database/Statement/MysqlStatement.php(38): PDOStatement->execute(NULL)
#1 /var/www/clients/client1/web53/web/clic/vendor/cakephp/cakephp/src/Database/Statement/StatementDecorator.php(173): Cake\Database\Statement\MysqlStatement->execute(NULL)
#2 /var/www/clients/client1/web53/web/clic/vendor/cakephp/cakephp/src/Database/Log/LoggingStatement.php(55): Cake\Database\Statement\StatementDecorator->execute(NULL)
#3 /var/www/clients/client1/web53/web/clic/vendor/cakephp/cakephp/src/Database/Connection.php(333): Cake\Database\Log\LoggingStatement->execute()
#4 /var/www/clients/client1/web53/web/clic/vendor/cakephp/cakephp/src/Core/Retry/CommandRetry.php(67): Cake\Database\Connection->Cake\Database\{closure}()
#5 /var/www/clients/client1/web53/web/clic/vendor/cakephp/cakephp/src/Database/Connection.php(336): Cake\Core\Retry\CommandRetry->run(Object(Closure))
#6 /var/www/clients/client1/web53/web/clic/vendor/cakephp/cakephp/src/Database/Query.php(218): Cake\Database\Connection->run(Object(Cake\ORM\Query))
#7 /var/www/clients/client1/web53/web/clic/vendor/cakephp/cakephp/src/ORM/Table.php(2128): Cake\Database\Query->execute()
#8 /var/www/clients/client1/web53/web/clic/vendor/cakephp/cakephp/src/ORM/Table.php(2020): Cake\ORM\Table->_insert(Object(Cake\ORM\Entity), Array)
#9 /var/www/clients/client1/web53/web/clic/vendor/cakephp/cakephp/src/ORM/Table.php(1933): Cake\ORM\Table->_processSave(Object(Cake\ORM\Entity), Object(ArrayObject))
#10 /var/www/clients/client1/web53/web/clic/vendor/cakephp/cakephp/src/ORM/Table.php(1638): Cake\ORM\Table->Cake\ORM\{closure}()
#11 /var/www/clients/client1/web53/web/clic/vendor/cakephp/cakephp/src/Database/Connection.php(737): Cake\ORM\Table->Cake\ORM\{closure}(Object(Cake\Database\Connection))
#12 /var/www/clients/client1/web53/web/clic/vendor/cakephp/cakephp/src/ORM/Table.php(1639): Cake\Database\Connection->transactional(Object(Closure))
#13 /var/www/clients/client1/web53/web/clic/vendor/cakephp/cakephp/src/ORM/Table.php(1934): Cake\ORM\Table->_executeTransaction(Object(Closure), true)
#14 /var/www/clients/client1/web53/web/clic/src/Controller/ApiController.php(1065): Cake\ORM\Table->save(Object(Cake\ORM\Entity))
#15 /var/www/clients/client1/web53/web/clic/vendor/cakephp/cakephp/src/Controller/Controller.php(609): App\Controller\ApiController->setuserlessontasks()
#16 /var/www/clients/client1/web53/web/clic/vendor/cakephp/cakephp/src/Http/ActionDispatcher.php(120): Cake\Controller\Controller->invokeAction()
#17 /var/www/clients/client1/web53/web/clic/vendor/cakephp/cakephp/src/Http/ActionDispatcher.php(94): Cake\Http\ActionDispatcher->_invoke(Object(App\Controller\ApiController))
#18 /var/www/clients/client1/web53/web/clic/vendor/cakephp/cakephp/src/Http/BaseApplication.php(234): Cake\Http\ActionDispatcher->dispatch(Object(Cake\Http\ServerRequest), Object(Cake\Http\Response))
#19 /var/www/clients/client1/web53/web/clic/vendor/cakephp/cakephp/src/Http/Runner.php(65): Cake\Http\BaseApplication->__invoke(Object(Cake\Http\ServerRequest), Object(Cake\Http\Response), Object(Cake\Http\Runner))
#20 /var/www/clients/client1/web53/web/clic/vendor/cakephp/cakephp/src/Routing/Middleware/RoutingMiddleware.php(162): Cake\Http\Runner->__invoke(Object(Cake\Http\ServerRequest), Object(Cake\Http\Response))
#21 /var/www/clients/client1/web53/web/clic/vendor/cakephp/cakephp/src/Http/Runner.php(65): Cake\Routing\Middleware\RoutingMiddleware->__invoke(Object(Cake\Http\ServerRequest), Object(Cake\Http\Response), Object(Cake\Http\Runner))
#22 /var/www/clients/client1/web53/web/clic/vendor/cakephp/cakephp/src/Routing/Middleware/AssetMiddleware.php(97): Cake\Http\Runner->__invoke(Object(Cake\Http\ServerRequest), Object(Cake\Http\Response))
#23 /var/www/clients/client1/web53/web/clic/vendor/cakephp/cakephp/src/Http/Runner.php(65): Cake\Routing\Middleware\AssetMiddleware->__invoke(Object(Cake\Http\ServerRequest), Object(Cake\Http\Response), Object(Cake\Http\Runner))
#24 /var/www/clients/client1/web53/web/clic/vendor/cakephp/cakephp/src/Error/Middleware/ErrorHandlerMiddleware.php(96): Cake\Http\Runner->__invoke(Object(Cake\Http\ServerRequest), Object(Cake\Http\Response))
#25 /var/www/clients/client1/web53/web/clic/vendor/cakephp/cakephp/src/Http/Runner.php(65): Cake\Error\Middleware\ErrorHandlerMiddleware->__invoke(Object(Cake\Http\ServerRequest), Object(Cake\Http\Response), Object(Cake\Http\Runner))
#26 /var/www/clients/client1/web53/web/clic/vendor/cakephp/debug_kit/src/Middleware/DebugKitMiddleware.php(53): Cake\Http\Runner->__invoke(Object(Cake\Http\ServerRequest), Object(Cake\Http\Response))
#27 /var/www/clients/client1/web53/web/clic/vendor/cakephp/cakephp/src/Http/Runner.php(65): DebugKit\Middleware\DebugKitMiddleware->__invoke(Object(Cake\Http\ServerRequest), Object(Cake\Http\Response), Object(Cake\Http\Runner))
#28 /var/www/clients/client1/web53/web/clic/vendor/cakephp/cakephp/src/Http/Runner.php(51): Cake\Http\Runner->__invoke(Object(Cake\Http\ServerRequest), Object(Cake\Http\Response))
#29 /var/www/clients/client1/web53/web/clic/vendor/cakephp/cakephp/src/Http/Server.php(97): Cake\Http\Runner->run(Object(Cake\Http\MiddlewareQueue), Object(Cake\Http\ServerRequest), Object(Cake\Http\Response))
#30 /var/www/clients/client1/web53/web/clic/webroot/index.php(40): Cake\Http\Server->run()
#31 {main}
Request URL: /Api/setuserlessontasks.json
Referer URL: http://localhost:8100/


