2021-11-04 17:31:13 Debug: duration=1 rows=26 SHOW FULL COLUMNS FROM `Users`
2021-11-04 17:31:13 Debug: duration=0 rows=4 SHOW INDEXES FROM `Users`
2021-11-04 17:31:13 Debug: duration=1 rows=0 SELECT * FROM information_schema.key_column_usage AS kcu
            INNER JOIN information_schema.referential_constraints AS rc
            ON (
                kcu.CONSTRAINT_NAME = rc.CONSTRAINT_NAME
                AND kcu.CONSTRAINT_SCHEMA = rc.CONSTRAINT_SCHEMA
            )
            WHERE kcu.TABLE_SCHEMA = 'c1click' AND kcu.TABLE_NAME = 'Users' AND rc.TABLE_NAME = 'Users'
2021-11-04 17:31:13 Debug: duration=0 rows=1 SHOW TABLE STATUS WHERE Name = 'Users'
2021-11-04 17:31:13 Debug: duration=0 rows=0 SELECT Users.Id AS `Users__Id`, Users.Name AS `Users__Name`, Users.LastName AS `Users__LastName`, Users.Password AS `Users__Password` FROM Users Users inner JOIN UserRols UserRols ON UserRols.UserId = Users.id inner JOIN ActionsRols ActionsRols ON ActionsRols.RolId = UserRols.RolId WHERE (Users.Email = 'meryjein@hotmail.com' AND Users.UserStatusId = 1) LIMIT 1
2021-11-04 17:31:13 Debug: duration=1 rows=3 SHOW FULL COLUMNS FROM `UserRols`
2021-11-04 17:31:13 Debug: duration=0 rows=3 SHOW INDEXES FROM `UserRols`
2021-11-04 17:31:13 Debug: duration=1 rows=0 SELECT * FROM information_schema.key_column_usage AS kcu
            INNER JOIN information_schema.referential_constraints AS rc
            ON (
                kcu.CONSTRAINT_NAME = rc.CONSTRAINT_NAME
                AND kcu.CONSTRAINT_SCHEMA = rc.CONSTRAINT_SCHEMA
            )
            WHERE kcu.TABLE_SCHEMA = 'c1click' AND kcu.TABLE_NAME = 'UserRols' AND rc.TABLE_NAME = 'UserRols'
2021-11-04 17:31:13 Debug: duration=1 rows=1 SHOW TABLE STATUS WHERE Name = 'UserRols'
2021-11-04 17:31:13 Debug: duration=0 rows=0 SELECT UserRols.Id AS `UserRols__Id`, UserRols.UserId AS `UserRols__UserId`, UserRols.RolId AS `UserRols__RolId` FROM UserRols UserRols WHERE UserRols.UserId = NULL LIMIT 1
2021-11-04 17:31:13 Debug: duration=1 rows=3 SHOW FULL COLUMNS FROM `ActionsRols`
2021-11-04 17:31:13 Debug: duration=0 rows=1 SHOW INDEXES FROM `ActionsRols`
2021-11-04 17:31:13 Debug: duration=1 rows=0 SELECT * FROM information_schema.key_column_usage AS kcu
            INNER JOIN information_schema.referential_constraints AS rc
            ON (
                kcu.CONSTRAINT_NAME = rc.CONSTRAINT_NAME
                AND kcu.CONSTRAINT_SCHEMA = rc.CONSTRAINT_SCHEMA
            )
            WHERE kcu.TABLE_SCHEMA = 'c1click' AND kcu.TABLE_NAME = 'ActionsRols' AND rc.TABLE_NAME = 'ActionsRols'
2021-11-04 17:31:13 Debug: duration=1 rows=1 SHOW TABLE STATUS WHERE Name = 'ActionsRols'
2021-11-04 17:31:13 Debug: duration=1 rows=8 SHOW FULL COLUMNS FROM `Actions`
2021-11-04 17:31:13 Debug: duration=0 rows=2 SHOW INDEXES FROM `Actions`
2021-11-04 17:31:13 Debug: duration=1 rows=1 SELECT * FROM information_schema.key_column_usage AS kcu
            INNER JOIN information_schema.referential_constraints AS rc
            ON (
                kcu.CONSTRAINT_NAME = rc.CONSTRAINT_NAME
                AND kcu.CONSTRAINT_SCHEMA = rc.CONSTRAINT_SCHEMA
            )
            WHERE kcu.TABLE_SCHEMA = 'c1click' AND kcu.TABLE_NAME = 'Actions' AND rc.TABLE_NAME = 'Actions'
2021-11-04 17:31:13 Debug: duration=0 rows=1 SHOW TABLE STATUS WHERE Name = 'Actions'
2021-11-04 17:31:13 Debug: duration=0 rows=8 SHOW FULL COLUMNS FROM `SubModules`
2021-11-04 17:31:13 Debug: duration=0 rows=2 SHOW INDEXES FROM `SubModules`
2021-11-04 17:31:13 Debug: duration=0 rows=1 SELECT * FROM information_schema.key_column_usage AS kcu
            INNER JOIN information_schema.referential_constraints AS rc
            ON (
                kcu.CONSTRAINT_NAME = rc.CONSTRAINT_NAME
                AND kcu.CONSTRAINT_SCHEMA = rc.CONSTRAINT_SCHEMA
            )
            WHERE kcu.TABLE_SCHEMA = 'c1click' AND kcu.TABLE_NAME = 'SubModules' AND rc.TABLE_NAME = 'SubModules'
2021-11-04 17:31:13 Debug: duration=0 rows=1 SHOW TABLE STATUS WHERE Name = 'SubModules'
2021-11-04 17:31:13 Debug: duration=0 rows=7 SHOW FULL COLUMNS FROM `Modules`
2021-11-04 17:31:13 Debug: duration=0 rows=1 SHOW INDEXES FROM `Modules`
2021-11-04 17:31:13 Debug: duration=0 rows=0 SELECT * FROM information_schema.key_column_usage AS kcu
            INNER JOIN information_schema.referential_constraints AS rc
            ON (
                kcu.CONSTRAINT_NAME = rc.CONSTRAINT_NAME
                AND kcu.CONSTRAINT_SCHEMA = rc.CONSTRAINT_SCHEMA
            )
            WHERE kcu.TABLE_SCHEMA = 'c1click' AND kcu.TABLE_NAME = 'Modules' AND rc.TABLE_NAME = 'Modules'
2021-11-04 17:31:13 Debug: duration=0 rows=1 SHOW TABLE STATUS WHERE Name = 'Modules'
2021-11-04 17:31:13 Debug: duration=0 rows=3 SHOW FULL COLUMNS FROM `Roles`
2021-11-04 17:31:13 Debug: duration=0 rows=1 SHOW INDEXES FROM `Roles`
2021-11-04 17:31:13 Debug: duration=0 rows=0 SELECT * FROM information_schema.key_column_usage AS kcu
            INNER JOIN information_schema.referential_constraints AS rc
            ON (
                kcu.CONSTRAINT_NAME = rc.CONSTRAINT_NAME
                AND kcu.CONSTRAINT_SCHEMA = rc.CONSTRAINT_SCHEMA
            )
            WHERE kcu.TABLE_SCHEMA = 'c1click' AND kcu.TABLE_NAME = 'Roles' AND rc.TABLE_NAME = 'Roles'
2021-11-04 17:31:13 Debug: duration=0 rows=1 SHOW TABLE STATUS WHERE Name = 'Roles'
2021-11-04 17:31:13 Debug: duration=0 rows=0 SELECT Actions.Description AS `Action`, Actions.SubModuled AS `SubModuleId`, SubModules.Name AS `Submodule`, Modules.Name AS `Module`, Modules.Img AS `Img`, Actions.Url AS `Url`, SubModules.Url AS `UrlSub`, Modules.Url AS `UrlMod`, Actions.Menu AS `Menu` FROM ActionsRols ActionsRols INNER JOIN Actions Actions ON Actions.Id = (ActionsRols.ActionId) INNER JOIN SubModules SubModules ON SubModules.Id = (Actions.SubModuled) INNER JOIN Modules Modules ON Modules.Id = (SubModules.ModuleId) INNER JOIN Roles Roles ON Roles.Id = (ActionsRols.RolId) WHERE (ActionsRols.RolId = NULL AND Actions.Menu = '1') ORDER BY Modules.Id ASC, SubModules.Url ASC, SubModules.Sort ASC
2021-11-04 17:31:13 Debug: duration=0 rows=0 SELECT Users.Name AS `Users__Name`, Users.LastName AS `Users__LastName` FROM Users Users WHERE Users.Id = NULL LIMIT 1
2021-11-04 17:31:27 Debug: duration=0 rows=0 SELECT Users.Id AS `Users__Id`, Users.Name AS `Users__Name`, Users.LastName AS `Users__LastName`, Users.Password AS `Users__Password` FROM Users Users inner JOIN UserRols UserRols ON UserRols.UserId = Users.id inner JOIN ActionsRols ActionsRols ON ActionsRols.RolId = UserRols.RolId WHERE (Users.Email = 'meryjein@hotmail.com' AND Users.UserStatusId = 1) LIMIT 1
